<?xml version="1.0" encoding="UTF-8"?>
<!-- Generated by org.testng.reporters.JUnitReportReporter -->
<testsuite hostname="DESKTOP-QS1R05U" failures="0" tests="1" name="com.VideoGameAPI.TestCases.TC_GET_AllVideoGames" time="2.712" errors="0" timestamp="05 Sep 2021 08:09:19 GMT" skipped="0">
  <testcase classname="com.VideoGameAPI.TestCases.TC_GET_AllVideoGames" name="test_getAllVideoGames" time="2.712"/>
</testsuite> <!-- com.VideoGameAPI.TestCases.TC_GET_AllVideoGames -->
