<?xml version="1.0" encoding="UTF-8"?>
<!-- Generated by org.testng.reporters.JUnitReportReporter -->
<testsuite hostname="DESKTOP-QS1R05U" failures="0" tests="5" name="com.VideoGameAPI.TestCases.TC_POST_AddNewVideoGame" time="2.102" errors="0" timestamp="05 Sep 2021 08:09:19 GMT" skipped="0">
  <testcase classname="com.VideoGameAPI.TestCases.TC_POST_AddNewVideoGame" name="Test_AddNewGame" time="0.684"/>
  <testcase classname="com.VideoGameAPI.TestCases.TC_POST_AddNewVideoGame" name="Test_AddNewGameWithDuplicateId" time="0.152"/>
  <testcase classname="com.VideoGameAPI.TestCases.TC_POST_AddNewVideoGame" name="test_getVideoGameOfSpecificId" time="1.028"/>
  <testcase classname="com.VideoGameAPI.TestCases.TC_POST_AddNewVideoGame" name="test_UpdateVideoGame" time="0.185"/>
  <testcase classname="com.VideoGameAPI.TestCases.TC_POST_AddNewVideoGame" name="test_deleteVideoGame" time="0.053"/>
</testsuite> <!-- com.VideoGameAPI.TestCases.TC_POST_AddNewVideoGame -->
